# JRE version: OpenJDK Runtime Environment (21.0.4) (build 21.0.4+-12508038-b607.1)
# Java VM: OpenJDK 64-Bit Server VM (21.0.4+-12508038-b607.1, mixed mode, tiered, compressed oops, compressed class ptrs, g1 gc, windows-amd64)
GC Precious Log:
 CardTable entry size: 512
 Card Set container configuration: InlinePtr #cards 5 size 8 Array Of Cards #cards 12 size 40 Howl #buckets 4 coarsen threshold 1843 Howl Bitmap #cards 512 size 80 coarsen threshold 460 Card regions per heap region 1 cards per card region 2048
 CPUs: 8 total, 8 available
 Memory: 16082M
 Large Page Support: Disabled
 NUMA Support: Disabled
 Compressed Oops: Enabled (32-bit)
 Heap Region Size: 1M
 Heap Min Capacity: 8M
 Heap Initial Capacity: 252M
 Heap Max Capacity: 2G
 Pre-touch: Disabled
 Parallel Workers: 8
 Concurrent Workers: 2
 Concurrent Refinement Workers: 8
 Periodic GC: Disabled
Heap:
 garbage-first heap   total 362496K, used 253952K [0x0000000080000000, 0x0000000100000000)
  region size 1024K, 62 young (63488K), 6 survivors (6144K)
 Metaspace       used 169498K, committed 172352K, reserved 1245184K
  class space    used 22335K, committed 24128K, reserved 1048576K
GC Heap History (20 events):
Event: 22.717 GC heap before
{Heap before GC invocations=53 (full 0):
 garbage-first heap   total 306176K, used 201352K [0x0000000080000000, 0x0000000100000000)
  region size 1024K, 71 young (72704K), 11 survivors (11264K)
 Metaspace       used 132292K, committed 134720K, reserved 1179648K
  class space    used 17581K, committed 18816K, reserved 1048576K
}
Event: 22.728 GC heap after
{Heap after GC invocations=54 (full 0):
 garbage-first heap   total 306176K, used 153883K [0x0000000080000000, 0x0000000100000000)
  region size 1024K, 16 young (16384K), 16 survivors (16384K)
 Metaspace       used 132292K, committed 134720K, reserved 1179648K
  class space    used 17581K, committed 18816K, reserved 1048576K
}
Event: 23.842 GC heap before
{Heap before GC invocations=55 (full 0):
 garbage-first heap   total 306176K, used 279835K [0x0000000080000000, 0x0000000100000000)
  region size 1024K, 132 young (135168K), 16 survivors (16384K)
 Metaspace       used 141129K, committed 143552K, reserved 1179648K
  class space    used 18659K, committed 19904K, reserved 1048576K
}
Event: 23.851 GC heap after
{Heap after GC invocations=56 (full 0):
 garbage-first heap   total 306176K, used 160069K [0x0000000080000000, 0x0000000100000000)
  region size 1024K, 8 young (8192K), 8 survivors (8192K)
 Metaspace       used 141129K, committed 143552K, reserved 1179648K
  class space    used 18659K, committed 19904K, reserved 1048576K
}
Event: 24.561 GC heap before
{Heap before GC invocations=56 (full 0):
 garbage-first heap   total 306176K, used 275781K [0x0000000080000000, 0x0000000100000000)
  region size 1024K, 122 young (124928K), 8 survivors (8192K)
 Metaspace       used 153535K, committed 155968K, reserved 1245184K
  class space    used 20725K, committed 21952K, reserved 1048576K
}
Event: 24.572 GC heap after
{Heap after GC invocations=57 (full 0):
 garbage-first heap   total 306176K, used 164612K [0x0000000080000000, 0x0000000100000000)
  region size 1024K, 16 young (16384K), 16 survivors (16384K)
 Metaspace       used 153535K, committed 155968K, reserved 1245184K
  class space    used 20725K, committed 21952K, reserved 1048576K
}
Event: 25.106 GC heap before
{Heap before GC invocations=57 (full 0):
 garbage-first heap   total 306176K, used 259844K [0x0000000080000000, 0x0000000100000000)
  region size 1024K, 111 young (113664K), 16 survivors (16384K)
 Metaspace       used 159176K, committed 161728K, reserved 1245184K
  class space    used 21509K, committed 22784K, reserved 1048576K
}
Event: 25.114 GC heap after
{Heap after GC invocations=58 (full 0):
 garbage-first heap   total 306176K, used 162467K [0x0000000080000000, 0x0000000100000000)
  region size 1024K, 4 young (4096K), 4 survivors (4096K)
 Metaspace       used 159176K, committed 161728K, reserved 1245184K
  class space    used 21509K, committed 22784K, reserved 1048576K
}
Event: 492.364 GC heap before
{Heap before GC invocations=59 (full 0):
 garbage-first heap   total 306176K, used 304803K [0x0000000080000000, 0x0000000100000000)
  region size 1024K, 118 young (120832K), 4 survivors (4096K)
 Metaspace       used 163332K, committed 165824K, reserved 1245184K
  class space    used 22158K, committed 23424K, reserved 1048576K
}
Event: 492.373 GC heap after
{Heap after GC invocations=60 (full 0):
 garbage-first heap   total 309248K, used 161283K [0x0000000080000000, 0x0000000100000000)
  region size 1024K, 3 young (3072K), 3 survivors (3072K)
 Metaspace       used 163332K, committed 165824K, reserved 1245184K
  class space    used 22158K, committed 23424K, reserved 1048576K
}
Event: 3350.257 GC heap before
{Heap before GC invocations=60 (full 0):
 garbage-first heap   total 309248K, used 285187K [0x0000000080000000, 0x0000000100000000)
  region size 1024K, 125 young (128000K), 3 survivors (3072K)
 Metaspace       used 168739K, committed 171264K, reserved 1245184K
  class space    used 22819K, committed 24064K, reserved 1048576K
}
Event: 3350.295 GC heap after
{Heap after GC invocations=61 (full 0):
 garbage-first heap   total 309248K, used 164702K [0x0000000080000000, 0x0000000100000000)
  region size 1024K, 10 young (10240K), 10 survivors (10240K)
 Metaspace       used 168739K, committed 171264K, reserved 1245184K
  class space    used 22819K, committed 24064K, reserved 1048576K
}
Event: 3350.936 GC heap before
{Heap before GC invocations=61 (full 0):
 garbage-first heap   total 309248K, used 225118K [0x0000000080000000, 0x0000000100000000)
  region size 1024K, 70 young (71680K), 10 survivors (10240K)
 Metaspace       used 169186K, committed 171776K, reserved 1245184K
  class space    used 22823K, committed 24128K, reserved 1048576K
}
Event: 3350.946 GC heap after
{Heap after GC invocations=62 (full 0):
 garbage-first heap   total 309248K, used 173266K [0x0000000080000000, 0x0000000100000000)
  region size 1024K, 16 young (16384K), 16 survivors (16384K)
 Metaspace       used 169186K, committed 171776K, reserved 1245184K
  class space    used 22823K, committed 24128K, reserved 1048576K
}
Event: 3351.732 GC heap before
{Heap before GC invocations=63 (full 0):
 garbage-first heap   total 309248K, used 284882K [0x0000000080000000, 0x0000000100000000)
  region size 1024K, 116 young (118784K), 16 survivors (16384K)
 Metaspace       used 165991K, committed 171776K, reserved 1245184K
  class space    used 22046K, committed 24128K, reserved 1048576K
}
Event: 3351.752 GC heap after
{Heap after GC invocations=64 (full 0):
 garbage-first heap   total 332800K, used 203298K [0x0000000080000000, 0x0000000100000000)
  region size 1024K, 15 young (15360K), 15 survivors (15360K)
 Metaspace       used 165991K, committed 171776K, reserved 1245184K
  class space    used 22046K, committed 24128K, reserved 1048576K
}
Event: 3352.193 GC heap before
{Heap before GC invocations=64 (full 0):
 garbage-first heap   total 332800K, used 315938K [0x0000000080000000, 0x0000000100000000)
  region size 1024K, 101 young (103424K), 15 survivors (15360K)
 Metaspace       used 168486K, committed 172288K, reserved 1245184K
  class space    used 22268K, committed 24128K, reserved 1048576K
}
Event: 3352.680 GC heap after
{Heap after GC invocations=65 (full 0):
 garbage-first heap   total 362496K, used 198720K [0x0000000080000000, 0x0000000100000000)
  region size 1024K, 10 young (10240K), 10 survivors (10240K)
 Metaspace       used 168486K, committed 172288K, reserved 1245184K
  class space    used 22268K, committed 24128K, reserved 1048576K
}
Event: 3358.179 GC heap before
{Heap before GC invocations=65 (full 0):
 garbage-first heap   total 362496K, used 305216K [0x0000000080000000, 0x0000000100000000)
  region size 1024K, 115 young (117760K), 10 survivors (10240K)
 Metaspace       used 169447K, committed 172352K, reserved 1245184K
  class space    used 22335K, committed 24128K, reserved 1048576K
}
Event: 3358.189 GC heap after
{Heap after GC invocations=66 (full 0):
 garbage-first heap   total 362496K, used 198656K [0x0000000080000000, 0x0000000100000000)
  region size 1024K, 6 young (6144K), 6 survivors (6144K)
 Metaspace       used 169447K, committed 172352K, reserved 1245184K
  class space    used 22335K, committed 24128K, reserved 1048576K
}

